instruction:
Write a high-quality answer for the given question using only the following relevant search results.
------------------

chunk_batch:
["###Chunk: In his early twenties, Steve Jobs visited India to seek enlightenment and to experiment with psychedelic drugs, which he later claimed profoundly influenced his creative strategies and business practices at Apple.\n###Question: How did Steve Jobs' experiences and decisions shape the development and success of Apple?", "###Chunk: Steve Jobs, along with Steve Wozniak, co-founded Apple in 1976, in Jobs' parents' garage. They revolutionized the tech industry by introducing the first Apple computer, which distinguished itself from others with a user-friendly graphical interface.\n###Question: How did Steve Jobs' experiences and decisions shape the development and success of Apple?", "###Chunk: During his tenure at Apple, Jobs was ousted from the company in 1985 but returned in 1997 to save the company from near bankruptcy. Under his leadership, Apple launched innovative products like the iPod, iPhone, and iPad.\n###Question: How did Steve Jobs' experiences and decisions shape the development and success of Apple?"]
------------------

{'input_ids': [[22687, 267, 101944, 16360, 12300, 613, 368, 8885, 5893, 3936, 3804, 368, 6747, 24466, 12487, 9649, 17]], 'attention_mask': [[1, 1, 1, 1, 1, 1, 1, 1, 1, 1, 1, 1, 1, 1, 1, 1, 1]]}
{'input_ids': [[3, 3, 3, 3, 3, 3, 3, 3, 3, 3, 3, 3, 3, 3, 3, 3, 3, 3, 3, 3, 3, 3, 3, 3, 3, 3, 3, 3, 3, 3, 3, 3, 3, 3, 3, 3, 3, 3, 3, 3, 3, 3, 3, 3, 3, 3, 3, 3, 3, 3, 3, 3, 3, 3, 3, 3, 3, 3, 3, 3, 3, 3, 3, 3, 3, 3, 105311, 108573, 29, 1004, 3868, 20257, 14912, 307, 1071, 15, 47443, 115277, 79409, 11759, 427, 20474, 210663, 257, 716, 530, 427, 15736, 1002, 24975, 376, 129855, 51667, 15, 2131, 1683, 10494, 87158, 136742, 999, 112213, 3868, 113695, 58593, 530, 18210, 50497, 919, 28202, 336, 105311, 242060, 7535, 4689, 47443, 65070, 9427, 75193, 530, 36790, 32428, 368, 11468, 530, 10859, 461, 28202, 34], [3, 3, 3, 3, 3, 3, 3, 3, 3, 3, 3, 3, 3, 3, 3, 3, 3, 3, 3, 3, 3, 3, 3, 3, 3, 3, 3, 3, 3, 3, 3, 3, 3, 3, 3, 3, 3, 3, 3, 3, 3, 3, 3, 3, 3, 3, 3, 3, 3, 3, 3, 3, 3, 3, 3, 3, 3, 105311, 108573, 29, 47443, 115277, 15, 10393, 1002, 47443, 760, 15449, 81, 4015, 15, 45691, 39343, 376, 28202, 361, 34407, 15, 361, 65070, 9427, 23558, 10, 167785, 17, 12941, 74177, 6242, 368, 92428, 31175, 1331, 125932, 368, 3968, 28202, 26371, 15, 2131, 118536, 17625, 1485, 17958, 1002, 267, 5579, 151908, 194236, 21438, 336, 105311, 242060, 7535, 4689, 47443, 65070, 9427, 75193, 530, 36790, 32428, 368, 11468, 530, 10859, 461, 28202, 34], [3, 3, 3, 3, 3, 3, 3, 3, 3, 3, 3, 3, 3, 3, 3, 3, 3, 3, 3, 3, 3, 3, 3, 3, 3, 3, 3, 3, 3, 3, 3, 3, 3, 3, 3, 3, 3, 3, 3, 3, 3, 3, 3, 3, 3, 3, 3, 3, 3, 3, 3, 3, 3, 3, 3, 3, 3, 3, 3, 3, 3, 105311, 108573, 29, 49262, 3868, 242527, 919, 28202, 15, 115277, 1620, 329, 26733, 1485, 368, 16333, 361, 30222, 1965, 25224, 361, 15278, 427, 14565, 368, 16333, 1485, 12209, 20073, 57510, 32049, 17, 51786, 3868, 67791, 15, 28202, 66893, 142657, 26942, 3269, 368, 168008, 15, 39222, 15, 530, 99607, 336, 105311, 242060, 7535, 4689, 47443, 65070, 9427, 75193, 530, 36790, 32428, 368, 11468, 530, 10859, 461, 28202, 34]], 'attention_mask': [[0, 0, 0, 0, 0, 0, 0, 0, 0, 0, 0, 0, 0, 0, 0, 0, 0, 0, 0, 0, 0, 0, 0, 0, 0, 0, 0, 0, 0, 0, 0, 0, 0, 0, 0, 0, 0, 0, 0, 0, 0, 0, 0, 0, 0, 0, 0, 0, 0, 0, 0, 0, 0, 0, 0, 0, 0, 0, 0, 0, 0, 0, 0, 0, 0, 0, 1, 1, 1, 1, 1, 1, 1, 1, 1, 1, 1, 1, 1, 1, 1, 1, 1, 1, 1, 1, 1, 1, 1, 1, 1, 1, 1, 1, 1, 1, 1, 1, 1, 1, 1, 1, 1, 1, 1, 1, 1, 1, 1, 1, 1, 1, 1, 1, 1, 1, 1, 1, 1, 1, 1, 1, 1, 1, 1, 1, 1, 1], [0, 0, 0, 0, 0, 0, 0, 0, 0, 0, 0, 0, 0, 0, 0, 0, 0, 0, 0, 0, 0, 0, 0, 0, 0, 0, 0, 0, 0, 0, 0, 0, 0, 0, 0, 0, 0, 0, 0, 0, 0, 0, 0, 0, 0, 0, 0, 0, 0, 0, 0, 0, 0, 0, 0, 0, 0, 1, 1, 1, 1, 1, 1, 1, 1, 1, 1, 1, 1, 1, 1, 1, 1, 1, 1, 1, 1, 1, 1, 1, 1, 1, 1, 1, 1, 1, 1, 1, 1, 1, 1, 1, 1, 1, 1, 1, 1, 1, 1, 1, 1, 1, 1, 1, 1, 1, 1, 1, 1, 1, 1, 1, 1, 1, 1, 1, 1, 1, 1, 1, 1, 1, 1, 1, 1, 1, 1, 1], [0, 0, 0, 0, 0, 0, 0, 0, 0, 0, 0, 0, 0, 0, 0, 0, 0, 0, 0, 0, 0, 0, 0, 0, 0, 0, 0, 0, 0, 0, 0, 0, 0, 0, 0, 0, 0, 0, 0, 0, 0, 0, 0, 0, 0, 0, 0, 0, 0, 0, 0, 0, 0, 0, 0, 0, 0, 0, 0, 0, 0, 1, 1, 1, 1, 1, 1, 1, 1, 1, 1, 1, 1, 1, 1, 1, 1, 1, 1, 1, 1, 1, 1, 1, 1, 1, 1, 1, 1, 1, 1, 1, 1, 1, 1, 1, 1, 1, 1, 1, 1, 1, 1, 1, 1, 1, 1, 1, 1, 1, 1, 1, 1, 1, 1, 1, 1, 1, 1, 1, 1, 1, 1, 1, 1, 1, 1, 1]]}
input_ids size in BloonForCausalLM: torch.Size([1, 17]) tensor([[ 22687,    267, 101944,  16360,  12300,    613,    368,   8885,   5893,
           3936,   3804,    368,   6747,  24466,  12487,   9649,     17]])
attention_mask_shape: torch.Size([1, 17])
Input ids size in  BloomModel forward: torch.Size([1, 17])
Sequence length: 17
Key layer shape: torch.Size([32, 128, 17])
Query layer shape: torch.Size([32, 17, 128])
Key layer shape: torch.Size([32, 128, 17])
Sequence length: 17
Key layer shape: torch.Size([32, 128, 17])
Query layer shape: torch.Size([32, 17, 128])
Key layer shape: torch.Size([32, 128, 17])
Sequence length: 17
Key layer shape: torch.Size([32, 128, 17])
Query layer shape: torch.Size([32, 17, 128])
Key layer shape: torch.Size([32, 128, 17])
Sequence length: 17
Key layer shape: torch.Size([32, 128, 17])
Query layer shape: torch.Size([32, 17, 128])
Key layer shape: torch.Size([32, 128, 17])
Sequence length: 17
Key layer shape: torch.Size([32, 128, 17])
Query layer shape: torch.Size([32, 17, 128])
Key layer shape: torch.Size([32, 128, 17])
Sequence length: 17
Key layer shape: torch.Size([32, 128, 17])
Query layer shape: torch.Size([32, 17, 128])
Key layer shape: torch.Size([32, 128, 17])
Sequence length: 17
Key layer shape: torch.Size([32, 128, 17])
Query layer shape: torch.Size([32, 17, 128])
Key layer shape: torch.Size([32, 128, 17])
Sequence length: 17
Key layer shape: torch.Size([32, 128, 17])
Query layer shape: torch.Size([32, 17, 128])
Key layer shape: torch.Size([32, 128, 17])
Sequence length: 17
Key layer shape: torch.Size([32, 128, 17])
Query layer shape: torch.Size([32, 17, 128])
Key layer shape: torch.Size([32, 128, 17])
Sequence length: 17
Key layer shape: torch.Size([32, 128, 17])
Query layer shape: torch.Size([32, 17, 128])
Key layer shape: torch.Size([32, 128, 17])
Sequence length: 17
Key layer shape: torch.Size([32, 128, 17])
Query layer shape: torch.Size([32, 17, 128])
Key layer shape: torch.Size([32, 128, 17])
Sequence length: 17
Key layer shape: torch.Size([32, 128, 17])
Query layer shape: torch.Size([32, 17, 128])
Key layer shape: torch.Size([32, 128, 17])
Sequence length: 17
Key layer shape: torch.Size([32, 128, 17])
Query layer shape: torch.Size([32, 17, 128])
Key layer shape: torch.Size([32, 128, 17])
Sequence length: 17
Key layer shape: torch.Size([32, 128, 17])
Query layer shape: torch.Size([32, 17, 128])
Key layer shape: torch.Size([32, 128, 17])
Sequence length: 17
Key layer shape: torch.Size([32, 128, 17])
Query layer shape: torch.Size([32, 17, 128])
Key layer shape: torch.Size([32, 128, 17])
Sequence length: 17
Key layer shape: torch.Size([32, 128, 17])
Query layer shape: torch.Size([32, 17, 128])
Key layer shape: torch.Size([32, 128, 17])
Sequence length: 17
Key layer shape: torch.Size([32, 128, 17])
Query layer shape: torch.Size([32, 17, 128])
Key layer shape: torch.Size([32, 128, 17])
Sequence length: 17
Key layer shape: torch.Size([32, 128, 17])
Query layer shape: torch.Size([32, 17, 128])
Key layer shape: torch.Size([32, 128, 17])
Sequence length: 17
Key layer shape: torch.Size([32, 128, 17])
Query layer shape: torch.Size([32, 17, 128])
Key layer shape: torch.Size([32, 128, 17])
Sequence length: 17
Key layer shape: torch.Size([32, 128, 17])
Query layer shape: torch.Size([32, 17, 128])
Key layer shape: torch.Size([32, 128, 17])
Sequence length: 17
Key layer shape: torch.Size([32, 128, 17])
Query layer shape: torch.Size([32, 17, 128])
Key layer shape: torch.Size([32, 128, 17])
Sequence length: 17
Key layer shape: torch.Size([32, 128, 17])
Query layer shape: torch.Size([32, 17, 128])
Key layer shape: torch.Size([32, 128, 17])
Sequence length: 17
Key layer shape: torch.Size([32, 128, 17])
Query layer shape: torch.Size([32, 17, 128])
Key layer shape: torch.Size([32, 128, 17])
Sequence length: 17
Key layer shape: torch.Size([32, 128, 17])
Query layer shape: torch.Size([32, 17, 128])
Key layer shape: torch.Size([32, 128, 17])
Sequence length: 17
Key layer shape: torch.Size([32, 128, 17])
Query layer shape: torch.Size([32, 17, 128])
Key layer shape: torch.Size([32, 128, 17])
Sequence length: 17
Key layer shape: torch.Size([32, 128, 17])
Query layer shape: torch.Size([32, 17, 128])
Key layer shape: torch.Size([32, 128, 17])
Sequence length: 17
Key layer shape: torch.Size([32, 128, 17])
Query layer shape: torch.Size([32, 17, 128])
Key layer shape: torch.Size([32, 128, 17])
Sequence length: 17
Key layer shape: torch.Size([32, 128, 17])
Query layer shape: torch.Size([32, 17, 128])
Key layer shape: torch.Size([32, 128, 17])
Sequence length: 17
Key layer shape: torch.Size([32, 128, 17])
Query layer shape: torch.Size([32, 17, 128])
Key layer shape: torch.Size([32, 128, 17])
Sequence length: 17
Key layer shape: torch.Size([32, 128, 17])
Query layer shape: torch.Size([32, 17, 128])
Key layer shape: torch.Size([32, 128, 17])
-------------------------------------------

input_ids size in BloonForCausalLM: torch.Size([3, 128]) tensor([[     3,      3,      3,      3,      3,      3,      3,      3,      3,
              3,      3,      3,      3,      3,      3,      3,      3,      3,
              3,      3,      3,      3,      3,      3,      3,      3,      3,
              3,      3,      3,      3,      3,      3,      3,      3,      3,
              3,      3,      3,      3,      3,      3,      3,      3,      3,
              3,      3,      3,      3,      3,      3,      3,      3,      3,
              3,      3,      3,      3,      3,      3,      3,      3,      3,
              3,      3,      3, 105311, 108573,     29,   1004,   3868,  20257,
          14912,    307,   1071,     15,  47443, 115277,  79409,  11759,    427,
          20474, 210663,    257,    716,    530,    427,  15736,   1002,  24975,
            376, 129855,  51667,     15,   2131,   1683,  10494,  87158, 136742,
            999, 112213,   3868, 113695,  58593,    530,  18210,  50497,    919,
          28202,    336, 105311, 242060,   7535,   4689,  47443,  65070,   9427,
          75193,    530,  36790,  32428,    368,  11468,    530,  10859,    461,
          28202,     34],
        [     3,      3,      3,      3,      3,      3,      3,      3,      3,
              3,      3,      3,      3,      3,      3,      3,      3,      3,
              3,      3,      3,      3,      3,      3,      3,      3,      3,
              3,      3,      3,      3,      3,      3,      3,      3,      3,
              3,      3,      3,      3,      3,      3,      3,      3,      3,
              3,      3,      3,      3,      3,      3,      3,      3,      3,
              3,      3,      3, 105311, 108573,     29,  47443, 115277,     15,
          10393,   1002,  47443,    760,  15449,     81,   4015,     15,  45691,
          39343,    376,  28202,    361,  34407,     15,    361,  65070,   9427,
          23558,     10, 167785,     17,  12941,  74177,   6242,    368,  92428,
          31175,   1331, 125932,    368,   3968,  28202,  26371,     15,   2131,
         118536,  17625,   1485,  17958,   1002,    267,   5579, 151908, 194236,
          21438,    336, 105311, 242060,   7535,   4689,  47443,  65070,   9427,
          75193,    530,  36790,  32428,    368,  11468,    530,  10859,    461,
          28202,     34],
        [     3,      3,      3,      3,      3,      3,      3,      3,      3,
              3,      3,      3,      3,      3,      3,      3,      3,      3,
              3,      3,      3,      3,      3,      3,      3,      3,      3,
              3,      3,      3,      3,      3,      3,      3,      3,      3,
              3,      3,      3,      3,      3,      3,      3,      3,      3,
              3,      3,      3,      3,      3,      3,      3,      3,      3,
              3,      3,      3,      3,      3,      3,      3, 105311, 108573,
             29,  49262,   3868, 242527,    919,  28202,     15, 115277,   1620,
            329,  26733,   1485,    368,  16333,    361,  30222,   1965,  25224,
            361,  15278,    427,  14565,    368,  16333,   1485,  12209,  20073,
          57510,  32049,     17,  51786,   3868,  67791,     15,  28202,  66893,
         142657,  26942,   3269,    368, 168008,     15,  39222,     15,    530,
          99607,    336, 105311, 242060,   7535,   4689,  47443,  65070,   9427,
          75193,    530,  36790,  32428,    368,  11468,    530,  10859,    461,
          28202,     34]])
past_key_values_length in BloomModel forward: 17
attention_mask_shape: torch.Size([3, 145])
Input ids size in  BloomModel forward: torch.Size([3, 128])
Sequence length: 128
Key layer shape: torch.Size([96, 128, 128])
 past_key shape: torch.Size([96, 128, 128])
Query layer shape: torch.Size([96, 128, 128])
Key layer shape: torch.Size([96, 128, 145])
Sequence length: 128
Key layer shape: torch.Size([96, 128, 128])
 past_key shape: torch.Size([96, 128, 128])
Query layer shape: torch.Size([96, 128, 128])
Key layer shape: torch.Size([96, 128, 145])
Sequence length: 128
Key layer shape: torch.Size([96, 128, 128])
 past_key shape: torch.Size([96, 128, 128])
Query layer shape: torch.Size([96, 128, 128])
Key layer shape: torch.Size([96, 128, 145])
Sequence length: 128
Key layer shape: torch.Size([96, 128, 128])
 past_key shape: torch.Size([96, 128, 128])
Query layer shape: torch.Size([96, 128, 128])
Key layer shape: torch.Size([96, 128, 145])
Sequence length: 128
Key layer shape: torch.Size([96, 128, 128])
 past_key shape: torch.Size([96, 128, 128])
Query layer shape: torch.Size([96, 128, 128])
Key layer shape: torch.Size([96, 128, 145])
Sequence length: 128
Key layer shape: torch.Size([96, 128, 128])
 past_key shape: torch.Size([96, 128, 128])
Query layer shape: torch.Size([96, 128, 128])
Key layer shape: torch.Size([96, 128, 145])
Sequence length: 128
Key layer shape: torch.Size([96, 128, 128])
 past_key shape: torch.Size([96, 128, 128])
Query layer shape: torch.Size([96, 128, 128])
Key layer shape: torch.Size([96, 128, 145])
Sequence length: 128
Key layer shape: torch.Size([96, 128, 128])
 past_key shape: torch.Size([96, 128, 128])
Query layer shape: torch.Size([96, 128, 128])
Key layer shape: torch.Size([96, 128, 145])
Sequence length: 128
Key layer shape: torch.Size([96, 128, 128])
 past_key shape: torch.Size([96, 128, 128])
Query layer shape: torch.Size([96, 128, 128])
Key layer shape: torch.Size([96, 128, 145])
Sequence length: 128
Key layer shape: torch.Size([96, 128, 128])
 past_key shape: torch.Size([96, 128, 128])
Query layer shape: torch.Size([96, 128, 128])
Key layer shape: torch.Size([96, 128, 145])
Sequence length: 128
Key layer shape: torch.Size([96, 128, 128])
 past_key shape: torch.Size([96, 128, 128])
Query layer shape: torch.Size([96, 128, 128])
Key layer shape: torch.Size([96, 128, 145])
Sequence length: 128
Key layer shape: torch.Size([96, 128, 128])
 past_key shape: torch.Size([96, 128, 128])
Query layer shape: torch.Size([96, 128, 128])
Key layer shape: torch.Size([96, 128, 145])
Sequence length: 128
Key layer shape: torch.Size([96, 128, 128])
 past_key shape: torch.Size([96, 128, 128])
Query layer shape: torch.Size([96, 128, 128])
Key layer shape: torch.Size([96, 128, 145])
Sequence length: 128
Key layer shape: torch.Size([96, 128, 128])
 past_key shape: torch.Size([96, 128, 128])
Query layer shape: torch.Size([96, 128, 128])
Key layer shape: torch.Size([96, 128, 145])
Sequence length: 128
Key layer shape: torch.Size([96, 128, 128])
 past_key shape: torch.Size([96, 128, 128])
Query layer shape: torch.Size([96, 128, 128])
Key layer shape: torch.Size([96, 128, 145])
Sequence length: 128
Key layer shape: torch.Size([96, 128, 128])
 past_key shape: torch.Size([96, 128, 128])
Query layer shape: torch.Size([96, 128, 128])
Key layer shape: torch.Size([96, 128, 145])
Sequence length: 128
Key layer shape: torch.Size([96, 128, 128])
 past_key shape: torch.Size([96, 128, 128])
Query layer shape: torch.Size([96, 128, 128])
Key layer shape: torch.Size([96, 128, 145])
Sequence length: 128
Key layer shape: torch.Size([96, 128, 128])
 past_key shape: torch.Size([96, 128, 128])
Query layer shape: torch.Size([96, 128, 128])
Key layer shape: torch.Size([96, 128, 145])
Sequence length: 128
Key layer shape: torch.Size([96, 128, 128])
 past_key shape: torch.Size([96, 128, 128])
Query layer shape: torch.Size([96, 128, 128])
Key layer shape: torch.Size([96, 128, 145])
Sequence length: 128
Key layer shape: torch.Size([96, 128, 128])
 past_key shape: torch.Size([96, 128, 128])
Query layer shape: torch.Size([96, 128, 128])
Key layer shape: torch.Size([96, 128, 145])
Sequence length: 128
Key layer shape: torch.Size([96, 128, 128])
 past_key shape: torch.Size([96, 128, 128])
Query layer shape: torch.Size([96, 128, 128])
Key layer shape: torch.Size([96, 128, 145])
Sequence length: 128
Key layer shape: torch.Size([96, 128, 128])
 past_key shape: torch.Size([96, 128, 128])
Query layer shape: torch.Size([96, 128, 128])
Key layer shape: torch.Size([96, 128, 145])
Sequence length: 128
Key layer shape: torch.Size([96, 128, 128])
 past_key shape: torch.Size([96, 128, 128])
Query layer shape: torch.Size([96, 128, 128])
Key layer shape: torch.Size([96, 128, 145])
Sequence length: 128
Key layer shape: torch.Size([96, 128, 128])
 past_key shape: torch.Size([96, 128, 128])
Query layer shape: torch.Size([96, 128, 128])
Key layer shape: torch.Size([96, 128, 145])
Sequence length: 128
Key layer shape: torch.Size([96, 128, 128])
 past_key shape: torch.Size([96, 128, 128])
Query layer shape: torch.Size([96, 128, 128])
Key layer shape: torch.Size([96, 128, 145])
Sequence length: 128
Key layer shape: torch.Size([96, 128, 128])
 past_key shape: torch.Size([96, 128, 128])
Query layer shape: torch.Size([96, 128, 128])
Key layer shape: torch.Size([96, 128, 145])
Sequence length: 128
Key layer shape: torch.Size([96, 128, 128])
 past_key shape: torch.Size([96, 128, 128])
Query layer shape: torch.Size([96, 128, 128])
Key layer shape: torch.Size([96, 128, 145])
Sequence length: 128
Key layer shape: torch.Size([96, 128, 128])
 past_key shape: torch.Size([96, 128, 128])
Query layer shape: torch.Size([96, 128, 128])
Key layer shape: torch.Size([96, 128, 145])
Sequence length: 128
Key layer shape: torch.Size([96, 128, 128])
 past_key shape: torch.Size([96, 128, 128])
Query layer shape: torch.Size([96, 128, 128])
Key layer shape: torch.Size([96, 128, 145])
Sequence length: 128
Key layer shape: torch.Size([96, 128, 128])
 past_key shape: torch.Size([96, 128, 128])
Query layer shape: torch.Size([96, 128, 128])
Key layer shape: torch.Size([96, 128, 145])
instruction_ids_expanded : tensor([[ 22687,    267, 101944,  16360,  12300,    613,    368,   8885,   5893,
           3936,   3804,    368,   6747,  24466,  12487,   9649,     17,      3,
              3,      3,      3,      3,      3,      3,      3,      3,      3,
              3,      3,      3,      3,      3,      3,      3,      3,      3,
              3,      3,      3,      3,      3,      3,      3,      3,      3,
              3,      3,      3,      3,      3,      3,      3,      3,      3,
              3,      3,      3,      3,      3,      3,      3,      3,      3,
              3,      3,      3,      3,      3,      3,      3,      3,      3,
              3,      3,      3,      3,      3,      3,      3,      3,      3,
              3,      3, 105311, 108573,     29,   1004,   3868,  20257,  14912,
            307,   1071,     15,  47443, 115277,  79409,  11759,    427,  20474,
         210663,    257,    716,    530,    427,  15736,   1002,  24975,    376,
         129855,  51667,     15,   2131,   1683,  10494,  87158, 136742,    999,
         112213,   3868, 113695,  58593,    530,  18210,  50497,    919,  28202,
            336, 105311, 242060,   7535,   4689,  47443,  65070,   9427,  75193,
            530,  36790,  32428,    368,  11468,    530,  10859,    461,  28202,
             34]])
Input ids size in utils generate: torch.Size([1, 145])
now is using greedy_search

input_ids size in BloonForCausalLM: torch.Size([1, 128]) tensor([[     3,      3,      3,      3,      3,      3,      3,      3,      3,
              3,      3,      3,      3,      3,      3,      3,      3,      3,
              3,      3,      3,      3,      3,      3,      3,      3,      3,
              3,      3,      3,      3,      3,      3,      3,      3,      3,
              3,      3,      3,      3,      3,      3,      3,      3,      3,
              3,      3,      3,      3,      3,      3,      3,      3,      3,
              3,      3,      3,      3,      3,      3,      3,      3,      3,
              3,      3,      3, 105311, 108573,     29,   1004,   3868,  20257,
          14912,    307,   1071,     15,  47443, 115277,  79409,  11759,    427,
          20474, 210663,    257,    716,    530,    427,  15736,   1002,  24975,
            376, 129855,  51667,     15,   2131,   1683,  10494,  87158, 136742,
            999, 112213,   3868, 113695,  58593,    530,  18210,  50497,    919,
          28202,    336, 105311, 242060,   7535,   4689,  47443,  65070,   9427,
          75193,    530,  36790,  32428,    368,  11468,    530,  10859,    461,
          28202,     34]])
past_key_values_length in BloomModel forward: 17
attention_mask_shape: torch.Size([1, 145])
Input ids size in  BloomModel forward: torch.Size([1, 128])
Sequence length: 128
Key layer shape: torch.Size([32, 128, 128])
 past_key shape: torch.Size([32, 128, 128])
Query layer shape: torch.Size([32, 128, 128])
Key layer shape: torch.Size([32, 128, 145])
Sequence length: 128
Key layer shape: torch.Size([32, 128, 128])
 past_key shape: torch.Size([32, 128, 128])
Query layer shape: torch.Size([32, 128, 128])
Key layer shape: torch.Size([32, 128, 145])
Sequence length: 128
Key layer shape: torch.Size([32, 128, 128])
 past_key shape: torch.Size([32, 128, 128])
Query layer shape: torch.Size([32, 128, 128])
Key layer shape: torch.Size([32, 128, 145])
Sequence length: 128
Key layer shape: torch.Size([32, 128, 128])
 past_key shape: torch.Size([32, 128, 128])
Query layer shape: torch.Size([32, 128, 128])
Key layer shape: torch.Size([32, 128, 145])
Sequence length: 128
Key layer shape: torch.Size([32, 128, 128])
 past_key shape: torch.Size([32, 128, 128])
Query layer shape: torch.Size([32, 128, 128])
Key layer shape: torch.Size([32, 128, 145])
Sequence length: 128
Key layer shape: torch.Size([32, 128, 128])
 past_key shape: torch.Size([32, 128, 128])
Query layer shape: torch.Size([32, 128, 128])
Key layer shape: torch.Size([32, 128, 145])
Sequence length: 128
Key layer shape: torch.Size([32, 128, 128])
 past_key shape: torch.Size([32, 128, 128])
Query layer shape: torch.Size([32, 128, 128])
Key layer shape: torch.Size([32, 128, 145])
Sequence length: 128
Key layer shape: torch.Size([32, 128, 128])
 past_key shape: torch.Size([32, 128, 128])
Query layer shape: torch.Size([32, 128, 128])
Key layer shape: torch.Size([32, 128, 145])
Sequence length: 128
Key layer shape: torch.Size([32, 128, 128])
 past_key shape: torch.Size([32, 128, 128])
Query layer shape: torch.Size([32, 128, 128])
Key layer shape: torch.Size([32, 128, 145])
Sequence length: 128
Key layer shape: torch.Size([32, 128, 128])
 past_key shape: torch.Size([32, 128, 128])
Query layer shape: torch.Size([32, 128, 128])
Key layer shape: torch.Size([32, 128, 145])
Sequence length: 128
Key layer shape: torch.Size([32, 128, 128])
 past_key shape: torch.Size([32, 128, 128])
Query layer shape: torch.Size([32, 128, 128])
Key layer shape: torch.Size([32, 128, 145])
Sequence length: 128
Key layer shape: torch.Size([32, 128, 128])
 past_key shape: torch.Size([32, 128, 128])
Query layer shape: torch.Size([32, 128, 128])
Key layer shape: torch.Size([32, 128, 145])
Sequence length: 128
Key layer shape: torch.Size([32, 128, 128])
 past_key shape: torch.Size([32, 128, 128])
Query layer shape: torch.Size([32, 128, 128])
Key layer shape: torch.Size([32, 128, 145])
Sequence length: 128
Key layer shape: torch.Size([32, 128, 128])
 past_key shape: torch.Size([32, 128, 128])
Query layer shape: torch.Size([32, 128, 128])
Key layer shape: torch.Size([32, 128, 145])
Sequence length: 128
Key layer shape: torch.Size([32, 128, 128])
 past_key shape: torch.Size([32, 128, 128])
Query layer shape: torch.Size([32, 128, 128])
Key layer shape: torch.Size([32, 128, 145])
Sequence length: 128
Key layer shape: torch.Size([32, 128, 128])
 past_key shape: torch.Size([32, 128, 128])
Query layer shape: torch.Size([32, 128, 128])
Key layer shape: torch.Size([32, 128, 145])
Sequence length: 128
Key layer shape: torch.Size([32, 128, 128])
 past_key shape: torch.Size([32, 128, 128])
Query layer shape: torch.Size([32, 128, 128])
Key layer shape: torch.Size([32, 128, 145])
Sequence length: 128
Key layer shape: torch.Size([32, 128, 128])
 past_key shape: torch.Size([32, 128, 128])
Query layer shape: torch.Size([32, 128, 128])
Key layer shape: torch.Size([32, 128, 145])
Sequence length: 128
Key layer shape: torch.Size([32, 128, 128])
 past_key shape: torch.Size([32, 128, 128])
Query layer shape: torch.Size([32, 128, 128])
Key layer shape: torch.Size([32, 128, 145])
Sequence length: 128
Key layer shape: torch.Size([32, 128, 128])
 past_key shape: torch.Size([32, 128, 128])
Query layer shape: torch.Size([32, 128, 128])
Key layer shape: torch.Size([32, 128, 145])
Sequence length: 128
Key layer shape: torch.Size([32, 128, 128])
 past_key shape: torch.Size([32, 128, 128])
Query layer shape: torch.Size([32, 128, 128])
Key layer shape: torch.Size([32, 128, 145])
Sequence length: 128
Key layer shape: torch.Size([32, 128, 128])
 past_key shape: torch.Size([32, 128, 128])
Query layer shape: torch.Size([32, 128, 128])
Key layer shape: torch.Size([32, 128, 145])
Sequence length: 128
Key layer shape: torch.Size([32, 128, 128])
 past_key shape: torch.Size([32, 128, 128])
Query layer shape: torch.Size([32, 128, 128])
Key layer shape: torch.Size([32, 128, 145])
Sequence length: 128
Key layer shape: torch.Size([32, 128, 128])
 past_key shape: torch.Size([32, 128, 128])
Query layer shape: torch.Size([32, 128, 128])
Key layer shape: torch.Size([32, 128, 145])
Sequence length: 128
Key layer shape: torch.Size([32, 128, 128])
 past_key shape: torch.Size([32, 128, 128])
Query layer shape: torch.Size([32, 128, 128])
Key layer shape: torch.Size([32, 128, 145])
Sequence length: 128
Key layer shape: torch.Size([32, 128, 128])
 past_key shape: torch.Size([32, 128, 128])
Query layer shape: torch.Size([32, 128, 128])
Key layer shape: torch.Size([32, 128, 145])
Sequence length: 128
Key layer shape: torch.Size([32, 128, 128])
 past_key shape: torch.Size([32, 128, 128])
Query layer shape: torch.Size([32, 128, 128])
Key layer shape: torch.Size([32, 128, 145])
Sequence length: 128
Key layer shape: torch.Size([32, 128, 128])
 past_key shape: torch.Size([32, 128, 128])
Query layer shape: torch.Size([32, 128, 128])
Key layer shape: torch.Size([32, 128, 145])
Sequence length: 128
Key layer shape: torch.Size([32, 128, 128])
 past_key shape: torch.Size([32, 128, 128])
Query layer shape: torch.Size([32, 128, 128])
Key layer shape: torch.Size([32, 128, 145])
Sequence length: 128
Key layer shape: torch.Size([32, 128, 128])
 past_key shape: torch.Size([32, 128, 128])
Query layer shape: torch.Size([32, 128, 128])
Key layer shape: torch.Size([32, 128, 145])
input_ids size in BloonForCausalLM: torch.Size([1, 1]) tensor([[136742]])
past_key_values_length in BloomModel forward: 145
attention_mask_shape: torch.Size([1, 146])
Input ids size in  BloomModel forward: torch.Size([1, 1])
Sequence length: 1
Key layer shape: torch.Size([32, 128, 1])
 past_key shape: torch.Size([32, 128, 1])
Query layer shape: torch.Size([32, 1, 128])
Key layer shape: torch.Size([32, 128, 146])
Sequence length: 1
Key layer shape: torch.Size([32, 128, 1])
 past_key shape: torch.Size([32, 128, 1])
Query layer shape: torch.Size([32, 1, 128])
Key layer shape: torch.Size([32, 128, 146])
Sequence length: 1
Key layer shape: torch.Size([32, 128, 1])
 past_key shape: torch.Size([32, 128, 1])
Query layer shape: torch.Size([32, 1, 128])
Key layer shape: torch.Size([32, 128, 146])
Sequence length: 1
Key layer shape: torch.Size([32, 128, 1])
 past_key shape: torch.Size([32, 128, 1])
Query layer shape: torch.Size([32, 1, 128])
Key layer shape: torch.Size([32, 128, 146])
Sequence length: 1
Key layer shape: torch.Size([32, 128, 1])
 past_key shape: torch.Size([32, 128, 1])
Query layer shape: torch.Size([32, 1, 128])
Key layer shape: torch.Size([32, 128, 146])
Sequence length: 1
Key layer shape: torch.Size([32, 128, 1])
 past_key shape: torch.Size([32, 128, 1])
Query layer shape: torch.Size([32, 1, 128])
Key layer shape: torch.Size([32, 128, 146])
Sequence length: 1
Key layer shape: torch.Size([32, 128, 1])
 past_key shape: torch.Size([32, 128, 1])
Query layer shape: torch.Size([32, 1, 128])
Key layer shape: torch.Size([32, 128, 146])
Sequence length: 1
Key layer shape: torch.Size([32, 128, 1])
 past_key shape: torch.Size([32, 128, 1])
Query layer shape: torch.Size([32, 1, 128])
Key layer shape: torch.Size([32, 128, 146])
Sequence length: 1
Key layer shape: torch.Size([32, 128, 1])
 past_key shape: torch.Size([32, 128, 1])
Query layer shape: torch.Size([32, 1, 128])
Key layer shape: torch.Size([32, 128, 146])
Sequence length: 1
Key layer shape: torch.Size([32, 128, 1])
 past_key shape: torch.Size([32, 128, 1])
Query layer shape: torch.Size([32, 1, 128])
Key layer shape: torch.Size([32, 128, 146])
Sequence length: 1
Key layer shape: torch.Size([32, 128, 1])
 past_key shape: torch.Size([32, 128, 1])
Query layer shape: torch.Size([32, 1, 128])
Key layer shape: torch.Size([32, 128, 146])
Sequence length: 1
Key layer shape: torch.Size([32, 128, 1])
 past_key shape: torch.Size([32, 128, 1])
Query layer shape: torch.Size([32, 1, 128])
Key layer shape: torch.Size([32, 128, 146])
Sequence length: 1
Key layer shape: torch.Size([32, 128, 1])
 past_key shape: torch.Size([32, 128, 1])
Query layer shape: torch.Size([32, 1, 128])
Key layer shape: torch.Size([32, 128, 146])
Sequence length: 1
Key layer shape: torch.Size([32, 128, 1])
 past_key shape: torch.Size([32, 128, 1])
Query layer shape: torch.Size([32, 1, 128])
Key layer shape: torch.Size([32, 128, 146])
Sequence length: 1
Key layer shape: torch.Size([32, 128, 1])
 past_key shape: torch.Size([32, 128, 1])
Query layer shape: torch.Size([32, 1, 128])
Key layer shape: torch.Size([32, 128, 146])
Sequence length: 1
Key layer shape: torch.Size([32, 128, 1])
 past_key shape: torch.Size([32, 128, 1])
Query layer shape: torch.Size([32, 1, 128])
Key layer shape: torch.Size([32, 128, 146])
Sequence length: 1
Key layer shape: torch.Size([32, 128, 1])
 past_key shape: torch.Size([32, 128, 1])
Query layer shape: torch.Size([32, 1, 128])
Key layer shape: torch.Size([32, 128, 146])
Sequence length: 1
Key layer shape: torch.Size([32, 128, 1])
 past_key shape: torch.Size([32, 128, 1])
Query layer shape: torch.Size([32, 1, 128])
Key layer shape: torch.Size([32, 128, 146])
Sequence length: 1
Key layer shape: torch.Size([32, 128, 1])
 past_key shape: torch.Size([32, 128, 1])
Query layer shape: torch.Size([32, 1, 128])
Key layer shape: torch.Size([32, 128, 146])
Sequence length: 1
Key layer shape: torch.Size([32, 128, 1])
 past_key shape: torch.Size([32, 128, 1])
Query layer shape: torch.Size([32, 1, 128])
Key layer shape: torch.Size([32, 128, 146])
Sequence length: 1
Key layer shape: torch.Size([32, 128, 1])
 past_key shape: torch.Size([32, 128, 1])
Query layer shape: torch.Size([32, 1, 128])
Key layer shape: torch.Size([32, 128, 146])
Sequence length: 1
Key layer shape: torch.Size([32, 128, 1])
 past_key shape: torch.Size([32, 128, 1])
Query layer shape: torch.Size([32, 1, 128])
Key layer shape: torch.Size([32, 128, 146])
Sequence length: 1
Key layer shape: torch.Size([32, 128, 1])
 past_key shape: torch.Size([32, 128, 1])
Query layer shape: torch.Size([32, 1, 128])
Key layer shape: torch.Size([32, 128, 146])
Sequence length: 1
Key layer shape: torch.Size([32, 128, 1])
 past_key shape: torch.Size([32, 128, 1])
Query layer shape: torch.Size([32, 1, 128])
Key layer shape: torch.Size([32, 128, 146])
Sequence length: 1
Key layer shape: torch.Size([32, 128, 1])
 past_key shape: torch.Size([32, 128, 1])
Query layer shape: torch.Size([32, 1, 128])
Key layer shape: torch.Size([32, 128, 146])
Sequence length: 1
Key layer shape: torch.Size([32, 128, 1])
 past_key shape: torch.Size([32, 128, 1])
Query layer shape: torch.Size([32, 1, 128])
Key layer shape: torch.Size([32, 128, 146])
Sequence length: 1
Key layer shape: torch.Size([32, 128, 1])
 past_key shape: torch.Size([32, 128, 1])
Query layer shape: torch.Size([32, 1, 128])
Key layer shape: torch.Size([32, 128, 146])
Sequence length: 1
Key layer shape: torch.Size([32, 128, 1])
 past_key shape: torch.Size([32, 128, 1])
Query layer shape: torch.Size([32, 1, 128])
Key layer shape: torch.Size([32, 128, 146])
Sequence length: 1
Key layer shape: torch.Size([32, 128, 1])
 past_key shape: torch.Size([32, 128, 1])
Query layer shape: torch.Size([32, 1, 128])
Key layer shape: torch.Size([32, 128, 146])
Sequence length: 1
Key layer shape: torch.Size([32, 128, 1])
 past_key shape: torch.Size([32, 128, 1])
Query layer shape: torch.Size([32, 1, 128])
Key layer shape: torch.Size([32, 128, 146])
input_ids size in BloonForCausalLM: torch.Size([1, 1]) tensor([[999]])
past_key_values_length in BloomModel forward: 146
attention_mask_shape: torch.Size([1, 147])
Input ids size in  BloomModel forward: torch.Size([1, 1])
Sequence length: 1
Key layer shape: torch.Size([32, 128, 1])
 past_key shape: torch.Size([32, 128, 1])
Query layer shape: torch.Size([32, 1, 128])
Key layer shape: torch.Size([32, 128, 147])
Sequence length: 1
Key layer shape: torch.Size([32, 128, 1])
 past_key shape: torch.Size([32, 128, 1])
Query layer shape: torch.Size([32, 1, 128])
Key layer shape: torch.Size([32, 128, 147])
Sequence length: 1
Key layer shape: torch.Size([32, 128, 1])
 past_key shape: torch.Size([32, 128, 1])
Query layer shape: torch.Size([32, 1, 128])
Key layer shape: torch.Size([32, 128, 147])
Sequence length: 1
Key layer shape: torch.Size([32, 128, 1])
 past_key shape: torch.Size([32, 128, 1])
Query layer shape: torch.Size([32, 1, 128])
Key layer shape: torch.Size([32, 128, 147])
Sequence length: 1
Key layer shape: torch.Size([32, 128, 1])
 past_key shape: torch.Size([32, 128, 1])
Query layer shape: torch.Size([32, 1, 128])
Key layer shape: torch.Size([32, 128, 147])
Sequence length: 1
Key layer shape: torch.Size([32, 128, 1])
 past_key shape: torch.Size([32, 128, 1])
Query layer shape: torch.Size([32, 1, 128])
Key layer shape: torch.Size([32, 128, 147])
Sequence length: 1
Key layer shape: torch.Size([32, 128, 1])
 past_key shape: torch.Size([32, 128, 1])
Query layer shape: torch.Size([32, 1, 128])
Key layer shape: torch.Size([32, 128, 147])
Sequence length: 1
Key layer shape: torch.Size([32, 128, 1])
 past_key shape: torch.Size([32, 128, 1])
Query layer shape: torch.Size([32, 1, 128])
Key layer shape: torch.Size([32, 128, 147])
Sequence length: 1
Key layer shape: torch.Size([32, 128, 1])
 past_key shape: torch.Size([32, 128, 1])
Query layer shape: torch.Size([32, 1, 128])
Key layer shape: torch.Size([32, 128, 147])
Sequence length: 1
Key layer shape: torch.Size([32, 128, 1])
 past_key shape: torch.Size([32, 128, 1])
Query layer shape: torch.Size([32, 1, 128])
Key layer shape: torch.Size([32, 128, 147])
Sequence length: 1
Key layer shape: torch.Size([32, 128, 1])
 past_key shape: torch.Size([32, 128, 1])
Query layer shape: torch.Size([32, 1, 128])
Key layer shape: torch.Size([32, 128, 147])
Sequence length: 1
Key layer shape: torch.Size([32, 128, 1])
 past_key shape: torch.Size([32, 128, 1])
Query layer shape: torch.Size([32, 1, 128])
Key layer shape: torch.Size([32, 128, 147])
Sequence length: 1
Key layer shape: torch.Size([32, 128, 1])
 past_key shape: torch.Size([32, 128, 1])
Query layer shape: torch.Size([32, 1, 128])
Key layer shape: torch.Size([32, 128, 147])
Sequence length: 1
Key layer shape: torch.Size([32, 128, 1])
 past_key shape: torch.Size([32, 128, 1])
Query layer shape: torch.Size([32, 1, 128])
Key layer shape: torch.Size([32, 128, 147])
Sequence length: 1
Key layer shape: torch.Size([32, 128, 1])
 past_key shape: torch.Size([32, 128, 1])
Query layer shape: torch.Size([32, 1, 128])
Key layer shape: torch.Size([32, 128, 147])
Sequence length: 1
Key layer shape: torch.Size([32, 128, 1])
 past_key shape: torch.Size([32, 128, 1])
Query layer shape: torch.Size([32, 1, 128])
Key layer shape: torch.Size([32, 128, 147])
Sequence length: 1
Key layer shape: torch.Size([32, 128, 1])
 past_key shape: torch.Size([32, 128, 1])
Query layer shape: torch.Size([32, 1, 128])
Key layer shape: torch.Size([32, 128, 147])
Sequence length: 1
Key layer shape: torch.Size([32, 128, 1])
 past_key shape: torch.Size([32, 128, 1])
Query layer shape: torch.Size([32, 1, 128])
Key layer shape: torch.Size([32, 128, 147])
Sequence length: 1
Key layer shape: torch.Size([32, 128, 1])
 past_key shape: torch.Size([32, 128, 1])
Query layer shape: torch.Size([32, 1, 128])
Key layer shape: torch.Size([32, 128, 147])
Sequence length: 1
Key layer shape: torch.Size([32, 128, 1])
 past_key shape: torch.Size([32, 128, 1])
Query layer shape: torch.Size([32, 1, 128])
Key layer shape: torch.Size([32, 128, 147])
Sequence length: 1
Key layer shape: torch.Size([32, 128, 1])
 past_key shape: torch.Size([32, 128, 1])
Query layer shape: torch.Size([32, 1, 128])
Key layer shape: torch.Size([32, 128, 147])
Sequence length: 1
Key layer shape: torch.Size([32, 128, 1])
 past_key shape: torch.Size([32, 128, 1])
Query layer shape: torch.Size([32, 1, 128])
Key layer shape: torch.Size([32, 128, 147])
Sequence length: 1
Key layer shape: torch.Size([32, 128, 1])
 past_key shape: torch.Size([32, 128, 1])
Query layer shape: torch.Size([32, 1, 128])
Key layer shape: torch.Size([32, 128, 147])
Sequence length: 1
Key layer shape: torch.Size([32, 128, 1])
 past_key shape: torch.Size([32, 128, 1])
Query layer shape: torch.Size([32, 1, 128])
Key layer shape: torch.Size([32, 128, 147])
Sequence length: 1
Key layer shape: torch.Size([32, 128, 1])
 past_key shape: torch.Size([32, 128, 1])
Query layer shape: torch.Size([32, 1, 128])
Key layer shape: torch.Size([32, 128, 147])
Sequence length: 1
Key layer shape: torch.Size([32, 128, 1])
 past_key shape: torch.Size([32, 128, 1])
Query layer shape: torch.Size([32, 1, 128])
Key layer shape: torch.Size([32, 128, 147])
Sequence length: 1
Key layer shape: torch.Size([32, 128, 1])
 past_key shape: torch.Size([32, 128, 1])
Query layer shape: torch.Size([32, 1, 128])
Key layer shape: torch.Size([32, 128, 147])
Sequence length: 1
Key layer shape: torch.Size([32, 128, 1])
 past_key shape: torch.Size([32, 128, 1])
Query layer shape: torch.Size([32, 1, 128])
Key layer shape: torch.Size([32, 128, 147])
Sequence length: 1
Key layer shape: torch.Size([32, 128, 1])
 past_key shape: torch.Size([32, 128, 1])
Query layer shape: torch.Size([32, 1, 128])
Key layer shape: torch.Size([32, 128, 147])
Sequence length: 1
Key layer shape: torch.Size([32, 128, 1])
 past_key shape: torch.Size([32, 128, 1])
Query layer shape: torch.Size([32, 1, 128])
Key layer shape: torch.Size([32, 128, 147])
Write a high-quality answer for the given question using only the following relevant search results.###Chunk: In his early twenties, Steve Jobs visited India to seek enlightenment and to experiment with psychedelic drugs, which he later claimed profoundly influenced his creative strategies and business practices at Apple.
###Question: How did Steve Jobs' experiences and decisions shape the development and success of Apple? profoundly
None
